<?xml version="1.0" encoding="UTF-8"?>
<!-- Generated by org.testng.reporters.JUnitXMLReporter -->
<testsuite ignored="0" hostname="DESKTOP-ADC0TJP" failures="0" tests="7" name="ChromeTest" time="87.111" errors="0" timestamp="2023-10-06T15:06:30 IST">
  <testcase classname="tests.VerifyForgottenPasswordPage" name="verifyForgottenPasswordPageTitleMessage" time="0.101"/>
  <testcase classname="tests.VerifyForgottenPasswordPage" name="verifyForgottenPasswordPageTitleMessage" time="0.077"/>
  <testcase classname="tests.VerifyForgottenPasswordPage" name="verifyCancelButton" time="4.818"/>
  <testcase classname="tests.VerifyForgottenPasswordPage" name="verifySearcButton" time="4.165"/>
  <testcase classname="tests.VerifyLoginPage" name="verifyTheLoginButtonByPassingCurrectEmailOnly" time="7.425"/>
  <testcase classname="tests.VerifyLoginPage" name="verifyTheLoginButtonByPassingBlankEmailPassword" time="1.316"/>
  <testcase classname="tests.VerifyLoginPage" name="verifyTheLoginButtonByPassingCorrectEmailPassword" time="17.243"/>
</testsuite> <!-- ChromeTest -->
