<?xml version="1.0" encoding="UTF-8"?>
<!-- Generated by org.testng.reporters.JUnitXMLReporter -->
<testsuite ignored="0" hostname="DESKTOP-ADC0TJP" failures="0" tests="7" name="FirefoxTest" time="106.075" errors="0" timestamp="2023-10-06T15:09:57 IST">
  <testcase classname="tests.VerifyForgottenPasswordPage" name="verifyForgottenPasswordPageTitleMessage" time="0.067"/>
  <testcase classname="tests.VerifyForgottenPasswordPage" name="verifyForgottenPasswordPageTitleMessage" time="0.043"/>
  <testcase classname="tests.VerifyForgottenPasswordPage" name="verifyCancelButton" time="4.967"/>
  <testcase classname="tests.VerifyForgottenPasswordPage" name="verifySearcButton" time="4.423"/>
  <testcase classname="tests.VerifyLoginPage" name="verifyTheLoginButtonByPassingCurrectEmailOnly" time="7.626"/>
  <testcase classname="tests.VerifyLoginPage" name="verifyTheLoginButtonByPassingBlankEmailPassword" time="2.589"/>
  <testcase classname="tests.VerifyLoginPage" name="verifyTheLoginButtonByPassingCorrectEmailPassword" time="15.623"/>
</testsuite> <!-- FirefoxTest -->
