<?xml version="1.0" encoding="UTF-8"?>
<!-- Generated by org.testng.reporters.JUnitXMLReporter -->
<testsuite ignored="0" hostname="DESKTOP-ADC0TJP" failures="0" tests="7" name="ChromeTest" time="50.201" errors="0" timestamp="2023-10-06T19:13:53 IST">
  <testcase classname="tests.VerifyForgottenPasswordPage" name="verifyForgottenPasswordPageTitleMessage" time="0.184"/>
  <testcase classname="tests.VerifyLoginPage" name="verifyTheLoginButtonByPassingCurrectEmailOnly" time="8.348"/>
  <testcase classname="tests.VerifyLoginPage" name="verifyTheLoginButtonByPassingBlankEmailPassword" time="1.68"/>
  <testcase classname="tests.VerifyForgottenPasswordPage" name="verifyForgottenPasswordPageTitleMessage" time="0.192"/>
  <testcase classname="tests.VerifyForgottenPasswordPage" name="verifyCancelButton" time="5.108"/>
  <testcase classname="tests.VerifyForgottenPasswordPage" name="verifySearcButton" time="4.337"/>
  <testcase classname="tests.VerifyLoginPage" name="verifyTheLoginButtonByPassingCorrectEmailPassword" time="25.26"/>
</testsuite> <!-- ChromeTest -->
