<?xml version="1.0" encoding="UTF-8"?>
<!-- Generated by org.testng.reporters.JUnitXMLReporter -->
<testsuite ignored="1" hostname="DESKTOP-ADC0TJP" failures="0" tests="6" name="Test:chrome" time="64.63" errors="0" timestamp="2023-10-05T17:30:37 IST">
  <testcase classname="tests.VerifyLoginPage" name="verifyTheLoginButtonByPassingCurrectEmailOnly" time="7.082"/>
  <testcase classname="tests.VerifyLoginPage" name="verifyTheLoginButtonByPassingBlankEmailPassword" time="1.699"/>
  <testcase classname="tests.VerifyLoginPage" name="verifyTheLoginButtonByPassingCorrectEmailPassword" time="16.093"/>
  <testcase classname="tests.VerifyForgottenPasswordPage" name="verifyForgottenPasswordPageTitleMessage" time="0.099"/>
  <testcase classname="tests.VerifyForgottenPasswordPage" name="verifyForgottenPasswordPageTitleMessage" time="0.173"/>
  <testcase classname="tests.VerifyForgottenPasswordPage" name="verifyCancelButton" time="5.035"/>
  <testcase classname="tests.VerifyForgottenPasswordPage" name="verifySearcButton" time="0.0">
    <ignored/>
  </testcase> <!-- verifySearcButton -->
</testsuite> <!-- Test:chrome -->
