<?xml version="1.0" encoding="UTF-8"?>
<!-- Generated by org.testng.reporters.JUnitXMLReporter -->
<testsuite ignored="0" hostname="DESKTOP-ADC0TJP" failures="0" tests="6" name="ChromeTest" time="72.894" errors="0" timestamp="2023-10-28T15:52:55 IST">
  <testcase classname="tests.VerifyForgottenPasswordPage" name="verifyForgottenPasswordPageTitleMessage" time="1.12"/>
  <testcase classname="tests.VerifyLoginPage" name="verifyTheLoginButtonByPassingCorrectEmailOnly" time="10.254"/>
  <testcase classname="tests.VerifyLoginPage" name="verifyTheLoginButtonByPassingBlankEmailPassword" time="4.674"/>
  <testcase classname="tests.VerifyForgottenPasswordPage" name="verifyCancelButton" time="5.547"/>
  <testcase classname="tests.VerifyForgottenPasswordPage" name="verifySearcButton" time="5.034"/>
  <testcase classname="tests.VerifyLoginPage" name="verifyTheLoginButtonByPassingCorrectEmailPassword" time="35.913"/>
</testsuite> <!-- ChromeTest -->
