<?xml version="1.0" encoding="UTF-8"?>
<!-- Generated by org.testng.reporters.JUnitXMLReporter -->
<testsuite ignored="0" hostname="DESKTOP-ADC0TJP" failures="0" tests="6" name="ChromeTest" time="63.22" errors="0" timestamp="2023-10-07T23:56:15 IST">
  <testcase classname="tests.VerifyForgottenPasswordPage" name="verifyForgottenPasswordPageTitleMessage" time="0.288"/>
  <testcase classname="tests.VerifyLoginPage" name="verifyTheLoginButtonByPassingCurrectEmailOnly" time="8.26"/>
  <testcase classname="tests.VerifyLoginPage" name="verifyTheLoginButtonByPassingBlankEmailPassword" time="1.393"/>
  <testcase classname="tests.VerifyForgottenPasswordPage" name="verifyCancelButton" time="5.082"/>
  <testcase classname="tests.VerifyForgottenPasswordPage" name="verifySearcButton" time="4.314"/>
  <testcase classname="tests.VerifyLoginPage" name="verifyTheLoginButtonByPassingCorrectEmailPassword" time="27.434"/>
</testsuite> <!-- ChromeTest -->
