<?xml version="1.0" encoding="UTF-8"?>
<!-- Generated by org.testng.reporters.JUnitXMLReporter -->
<testsuite ignored="0" hostname="DESKTOP-ADC0TJP" failures="0" tests="6" name="EdgeTest" time="74.801" errors="0" timestamp="2023-10-07T23:57:30 IST">
  <testcase classname="tests.VerifyForgottenPasswordPage" name="verifyForgottenPasswordPageTitleMessage" time="0.143"/>
  <testcase classname="tests.VerifyLoginPage" name="verifyTheLoginButtonByPassingCurrectEmailOnly" time="6.633"/>
  <testcase classname="tests.VerifyLoginPage" name="verifyTheLoginButtonByPassingBlankEmailPassword" time="2.376"/>
  <testcase classname="tests.VerifyForgottenPasswordPage" name="verifyCancelButton" time="5.956"/>
  <testcase classname="tests.VerifyForgottenPasswordPage" name="verifySearcButton" time="4.268"/>
  <testcase classname="tests.VerifyLoginPage" name="verifyTheLoginButtonByPassingCorrectEmailPassword" time="38.975"/>
</testsuite> <!-- EdgeTest -->
